017
num-fields|53
id|int32
image_x|int32
image_y|int32
image_w|int32
image_h|int32
src_x|int32
src_y|int32
src_image|int32
cal_image|int32
ppc|int32
camera|int32
cal_const|double
fringe_size|double
sphere_count|int32
raw_sphere_volume|double
raw_sphere_complement|double
raw_sphere_unknown|double
raw_area|double
raw_feret_max|double
raw_feret_min|double
raw_feret_mean|double
raw_perimeter|double
raw_convex_perimeter|double
raw_legendre_major|double
raw_legendre_minor|double
abd_area|double
abd_diameter|double
length|double
width|double
esd_diameter|double
fd_diameter|double
perimeter|double
convex_perimeter|double
intensity|double
sigma_intensity|double
sum_intensity|double
compactness|double
elongation|double
roughness|double
edge_gradient|double
elapsed_time|double
circle_fit|double
symmetry|double
circularity_hu|double
intensity_calimage|double
raw_convex_hull_area|double
raw_filled_area|double
filled_area|double
feret_max_angle|double
feret_min_angle|double
timestamp|timestamp
collage_file|string
image_id|guid
1|0|0|22|34|643|1770|32|1|1|0|9.3032|4.5000|0|0.0000|0.0000|0.0000|395.0000|31.0000|18.0000|24.3056|76.1838|73.1984|28.6846|17.6730|21843.6826|166.7700|246.5348|125.5932|184.2550|166.7700|708.7528|639.1147|29.8532|18.3985|11792.0000|1.1693|1.0000|1.1090|180.5231|3.7040|0.6766|0.8440|0.8861|0.0000|373.0000|395.0000|21843.6826|-80.0000|0.0000|2021-10-21T03:26:21.089|294-032502 st2 4 juni 2021 50 m halv_000001.tif|10AE01CB-61F2-4289-82ED-36CDA8FB0E3D
2|24|0|53|82|634|1667|32|1|2|0|9.3032|4.5000|0|0.0000|0.0000|0.0000|1426.0000|78.0000|43.0000|62.4444|302.4924|193.0487|81.3680|34.1351|98727.8879|354.5480|683.7852|358.1732|539.0688|354.5480|2814.1475|1754.1061|32.8766|21.6384|46882.0000|5.1062|13.9701|1.6043|137.5637|3.7040|0.0438|0.0916|0.4664|0.0000|2262.0000|1426.0000|98727.8879|70.0000|-20.0000|2021-10-21T03:26:21.089|294-032502 st2 4 juni 2021 50 m halv_000001.tif|FC0CC39B-284C-4481-BAD3-1BCA4554BFC5
3|79|0|60|57|638|1555|32|1|3|0|9.3032|4.5000|0|0.0000|0.0000|0.0000|454.0000|71.0000|42.0000|56.9167|261.1371|175.8902|81.8616|36.7647|25961.1010|181.8095|618.6628|348.8700|487.6427|181.8095|2429.4105|1594.4771|68.8370|19.2140|31252.0000|11.9528|35.5228|1.5236|108.5263|3.7040|0.1179|0.4790|0.1436|0.0000|1914.0000|454.0000|25961.1010|35.0000|-65.0000|2021-10-21T03:26:21.089|294-032502 st2 4 juni 2021 50 m halv_000001.tif|0D904E1A-FE82-49A7-ACA6-E6919E82C948
4|141|0|87|51|123|1562|32|1|2|0|9.3032|4.5000|0|0.0000|0.0000|0.0000|1126.0000|84.0000|43.0000|66.7222|230.4092|206.6623|72.0005|26.7704|75666.8656|310.3902|739.6044|358.1732|578.8658|310.3902|2143.5425|1880.7559|34.6687|20.5733|39037.0000|3.7519|9.6837|1.1397|127.8060|3.7040|0.0219|0.3417|0.4859|0.0000|2160.0000|1126.0000|75666.8656|10.0000|-80.0000|2021-10-21T03:26:21.089|294-032502 st2 4 juni 2021 50 m halv_000001.tif|B0F54709-B7C5-4F92-8B36-F3CDB221EDC6
5|230|0|45|43|68|1490|32|1|1|0|9.3032|4.5000|0|0.0000|0.0000|0.0000|1112.0000|44.0000|34.0000|39.5556|130.8112|121.1136|42.2461|33.7475|74599.6287|308.1934|367.4764|274.4444|326.1288|308.1934|1216.9626|1084.8796|44.2239|17.8853|49177.0000|1.2245|1.0000|1.1217|106.6018|3.7040|0.7940|0.8189|0.9686|0.0000|1120.0000|1112.0000|74599.6287|20.0000|-60.0000|2021-10-21T03:26:21.089|294-032502 st2 4 juni 2021 50 m halv_000001.tif|848B3D99-892E-4235-BFB6-E014F3196D01
6|277|0|69|67|800|1478|32|1|2|0|9.3032|4.5000|0|0.0000|0.0000|0.0000|1784.0000|69.0000|57.0000|62.9444|292.3087|194.7517|63.5646|47.4155|126623.4193|401.5245|600.0564|488.4180|543.7204|401.5245|2719.4059|1769.9496|39.7293|26.6200|70877.0000|3.8113|9.8724|1.5364|131.5385|3.7040|0.2654|0.1811|0.7224|0.0000|2751.0000|1784.0000|126623.4193|-65.0000|55.0000|2021-10-21T03:26:21.089|294-032502 st2 4 juni 2021 50 m halv_000001.tif|604995F7-8995-426A-BB9B-4CCC29E07FEB
7|348|0|51|132|471|1422|32|1|2|0|9.3032|4.5000|0|0.0000|0.0000|0.0000|1090.0000|127.0000|40.0000|89.4167|312.5929|277.7411|85.8991|28.4114|72924.3921|304.7133|1139.6420|330.2636|789.9967|304.7133|2908.1145|2542.0170|38.2220|23.7678|41662.0000|7.1338|20.3624|1.1440|118.9081|3.7040|0.0000|0.3130|0.3391|0.0000|3255.5000|1090.0000|72924.3921|-90.0000|-10.0000|2021-10-21T03:26:21.089|294-032502 st2 4 juni 2021 50 m halv_000001.tif|B26FA54F-17F6-474C-8080-7AC38A9FCF46
8|401|0|154|193|262|1393|32|1|15|0|9.3032|4.5000|0|0.0000|0.0000|0.0000|3054.0000|180.0000|130.0000|160.7222|1359.1413|501.5902|159.4589|100.1011|227549.4666|538.2611|1632.7116|1167.5516|1453.3666|554.5583|12644.3630|4624.5295|63.0390|20.0349|192521.0000|45.5392|141.0587|2.7342|110.8103|3.7040|0.0000|0.1659|0.2319|0.0000|14674.0000|3228.0000|241537.3704|-55.0000|5.0000|2021-10-21T03:26:21.089|294-032502 st2 4 juni 2021 50 m halv_000001.tif|4646668E-4AB4-4228-91F6-6CFB6C60BFBB
9|557|0|140|158|409|1146|32|1|3|0|9.3032|4.5000|0|0.0000|0.0000|0.0000|4308.0000|175.0000|119.0000|148.7500|673.5118|464.8062|147.4774|61.7393|328922.3096|647.1452|1586.1956|1065.2164|1341.9866|648.3437|6265.8146|4282.3205|33.5536|24.4008|144549.0000|8.3502|24.1915|1.4632|158.0797|3.7040|0.0000|0.1634|0.4307|0.0000|12232.5000|4323.0000|330141.7395|-60.0000|25.0000|2021-10-21T03:26:21.089|294-032502 st2 4 juni 2021 50 m halv_000001.tif|86108E76-A24D-495A-A035-35BD492F3008
10|699|0|62|49|599|1007|32|1|1|0|9.3032|4.5000|0|0.0000|0.0000|0.0000|1635.0000|61.0000|42.0000|52.4444|189.6812|161.5418|59.0959|37.0690|114971.7017|382.6049|525.6308|348.8700|446.0368|382.6049|1764.6425|1460.9915|30.8752|22.1956|50481.0000|1.7511|3.1877|1.2078|135.1341|3.7040|0.5302|0.5566|0.8556|0.0000|1797.5000|1635.0000|114971.7017|15.0000|-80.0000|2021-10-21T03:26:21.089|294-032502 st2 4 juni 2021 50 m halv_000001.tif|2CE52F79-A8AF-419C-A8D4-A6DECC6363D3
11|763|0|31|38|552|903|32|1|1|0|9.3032|4.5000|0|0.0000|0.0000|0.0000|607.0000|38.0000|25.0000|31.7222|111.2548|96.5211|37.5145|22.3592|36904.3395|216.7673|311.6572|190.7156|253.2538|216.7673|1035.0260|856.0911|40.3888|26.2903|24516.0000|1.6227|2.7318|1.2090|161.4388|3.7040|0.5068|0.3913|0.8104|0.0000|641.0000|607.0000|36904.3395|40.0000|-40.0000|2021-10-21T03:26:21.089|294-032502 st2 4 juni 2021 50 m halv_000001.tif|23AAA122-9E28-4FF0-B874-98C54292A3AA
12|796|0|89|168|735|898|32|1|2|0|9.3032|4.5000|0|0.0000|0.0000|0.0000|3358.0000|164.0000|75.0000|127.0000|529.0437|395.8873|213.1826|65.2991|252006.8380|566.4495|1483.8604|655.8756|1139.6420|571.8601|4921.7995|3641.1539|38.7901|23.7866|130257.0000|6.5163|18.4173|1.3517|135.9513|3.7040|0.0000|0.4656|0.1751|0.0000|8541.5000|3418.0000|256844.0098|70.0000|-15.0000|2021-10-21T03:26:21.089|294-032502 st2 4 juni 2021 50 m halv_000001.tif|435A5A00-F0B9-4E59-A468-193736B1986F
13|887|0|43|91|734|739|32|1|1|0|9.3032|4.5000|0|0.0000|0.0000|0.0000|1458.0000|93.0000|39.0000|68.4444|281.3208|212.0906|73.8798|35.0756|101206.6047|358.9711|823.3332|320.9604|594.8880|358.9711|2617.1841|1931.2566|38.3436|24.3870|55905.0000|4.3195|11.4831|1.3552|177.9536|3.7040|0.1187|0.6632|0.5551|0.0000|2519.0000|1458.0000|101206.6047|65.0000|0.0000|2021-10-21T03:26:21.089|294-032502 st2 4 juni 2021 50 m halv_000001.tif|428CF67C-0561-4192-8670-7CB62D205F4F
14|932|0|58|81|631|708|32|1|1|0|9.3032|4.5000|0|0.0000|0.0000|0.0000|1058.0000|93.0000|42.0000|69.3611|261.5807|214.8600|72.0021|26.6677|70491.8476|299.5881|823.3332|348.8700|603.4159|299.5881|2433.5379|1957.0216|43.6786|27.0875|46212.0000|5.1465|14.0974|1.2435|116.1803|3.7040|0.0000|0.4678|0.4570|0.0000|1935.0000|1058.0000|70491.8476|-60.0000|35.0000|2021-10-21T03:26:21.089|294-032502 st2 4 juni 2021 50 m halv_000001.tif|DC0AF917-69B2-4062-9DF8-8DCB49511600
15|992|0|74|63|210|620|32|1|2|0|9.3032|4.5000|0|0.0000|0.0000|0.0000|927.0000|90.0000|42.0000|64.6111|212.4092|199.6841|56.5603|27.8170|60589.8941|277.7507|795.4236|348.8700|559.2257|277.7507|1976.0849|1815.8364|39.0928|24.1047|36239.0000|3.8731|10.0683|1.0883|134.2350|3.7040|0.0000|0.2961|0.5942|0.0000|1905.0000|927.0000|60589.8941|-40.0000|40.0000|2021-10-21T03:26:21.089|294-032502 st2 4 juni 2021 50 m halv_000001.tif|F8B98621-9330-4907-867F-5531A5C81213
16|1068|0|69|69|146|110|32|1|3|0|9.3032|4.5000|0|0.0000|0.0000|0.0000|2543.0000|72.0000|60.0000|65.6389|287.4214|203.4020|64.5193|54.1997|186660.2571|487.5071|627.9660|516.3276|568.7873|487.5071|2673.9383|1850.4254|28.1589|21.2517|71608.0000|2.5851|5.9534|1.4450|88.7602|3.7040|0.5127|0.4122|0.9120|0.0000|2970.5000|2543.0000|186660.2571|60.0000|-85.0000|2021-10-21T03:26:21.089|294-032502 st2 4 juni 2021 50 m halv_000001.tif|77E5B6FF-8C82-4201-B2AA-0B416A9454A1
17|1139|0|38|48|603|1832|33|1|1|0|9.3032|4.5000|0|0.0000|0.0000|0.0000|778.0000|52.0000|22.0000|38.6944|135.7817|118.3940|52.2173|20.2691|49457.1145|250.9397|441.9020|162.8060|318.1178|250.9397|1263.2047|1059.5785|33.3779|18.8166|25968.0000|1.8858|3.6504|1.1922|145.4336|3.8130|0.2354|0.2450|0.6314|0.0000|832.5000|778.0000|49457.1145|55.0000|-35.0000|2021-10-21T03:26:21.200|294-032502 st2 4 juni 2021 50 m halv_000001.tif|BD81BDB9-B22C-4A88-97D3-4CD1EAA96F2D
18|0|195|65|75|271|1583|33|1|4|0|9.3032|4.5000|0|0.0000|0.0000|0.0000|994.0000|88.0000|34.0000|63.5556|335.6640|196.5831|84.1852|31.9197|65642.4111|289.0995|776.8172|274.4444|549.4056|289.0995|3122.7493|1786.9875|57.8229|19.0906|57476.0000|9.0201|26.2996|1.7475|87.4369|3.8130|0.0000|0.0960|0.3123|0.0000|2070.5000|994.0000|65642.4111|50.0000|-55.0000|2021-10-21T03:26:21.200|294-032502 st2 4 juni 2021 50 m halv_000001.tif|15466533-B488-4784-B966-74C4BF8A8667
19|67|195|31|38|642|1484|33|1|1|0|9.3032|4.5000|0|0.0000|0.0000|0.0000|715.0000|35.0000|27.0000|31.0556|98.0833|94.5778|34.3544|26.5301|44800.5517|238.8343|283.7476|209.3220|247.0516|238.8343|912.4882|838.0122|28.7748|19.9078|20574.0000|1.0707|1.0000|1.0889|204.4167|3.8130|0.8032|0.9202|0.9664|0.0000|684.5000|715.0000|44800.5517|65.0000|0.0000|2021-10-21T03:26:21.200|294-032502 st2 4 juni 2021 50 m halv_000001.tif|12B17B61-67F0-46DA-BAA2-6D06115A7AA3
20|100|195|64|54|1017|1227|33|1|1|0|9.3032|4.5000|0|0.0000|0.0000|0.0000|1487.0000|65.0000|46.0000|57.7778|241.1960|178.3603|52.2129|43.0464|103455.6869|362.9378|562.8436|386.0828|495.6538|373.4190|2243.8942|1617.4572|32.5414|26.4706|48389.0000|2.9581|7.1534|1.3873|107.4862|3.8130|0.4225|0.3905|0.8703|0.0000|1959.5000|1565.0000|109517.3031|35.0000|-75.0000|2021-10-21T03:26:21.200|294-032502 st2 4 juni 2021 50 m halv_000001.tif|9DD4B919-D55D-45DE-B4C6-ABC4978F5F54
21|166|195|96|89|538|1183|33|1|1|0|9.3032|4.5000|0|0.0000|0.0000|0.0000|2971.0000|92.0000|76.0000|83.0833|451.5879|257.8303|87.6635|65.7464|220887.8274|530.3236|814.0300|665.1788|731.0765|530.3236|4201.2123|2356.7828|32.2625|23.6413|95852.0000|5.4623|15.0939|1.7826|160.1387|3.8130|0.0665|0.1470|0.6301|0.0000|4642.0000|2971.0000|220887.8274|0.0000|-65.0000|2021-10-21T03:26:21.200|294-032502 st2 4 juni 2021 50 m halv_000001.tif|91722360-90DF-48C3-8AA5-5609C506DF89
22|264|195|46|41|791|1028|33|1|1|0|9.3032|4.5000|0|0.0000|0.0000|0.0000|1011.0000|49.0000|35.0000|41.0833|142.4680|125.7287|45.3001|29.9878|66928.4286|291.9177|413.9924|283.7476|340.3421|291.9177|1325.4086|1127.8152|35.3403|23.4728|35729.0000|1.5976|2.6403|1.1752|137.7398|3.8130|0.5942|0.6679|0.8723|0.0000|1105.0000|1011.0000|66928.4286|-45.0000|60.0000|2021-10-21T03:26:21.200|294-032502 st2 4 juni 2021 50 m halv_000001.tif|3BCDB412-FC00-4F82-B587-9AAEB28C3B4D
23|312|195|55|37|908|939|33|1|2|0|9.3032|4.5000|0|0.0000|0.0000|0.0000|895.0000|53.0000|32.0000|43.6389|153.6396|133.8354|44.4669|29.2385|58186.2659|272.1857|451.2052|255.8380|364.1169|272.1857|1429.3400|1203.2334|40.8335|26.0334|36546.0000|2.0988|4.3645|1.1879|120.6222|3.8130|0.4226|0.4496|0.8047|0.0000|1131.0000|895.0000|58186.2659|10.0000|-80.0000|2021-10-21T03:26:21.200|294-032502 st2 4 juni 2021 50 m halv_000001.tif|9B269FEA-F887-4DD4-9D19-342B5281CE8F
24|369|195|32|41|1005|884|33|1|1|0|9.3032|4.5000|0|0.0000|0.0000|0.0000|792.0000|41.0000|27.0000|33.7222|106.0833|102.4255|38.9991|26.0068|50496.3354|253.5625|339.5668|209.3220|271.8602|253.5625|986.9138|911.0205|24.8131|18.2291|19652.0000|1.1307|1.0000|1.0833|230.2826|3.8130|0.6897|0.8338|0.9179|0.0000|759.0000|792.0000|50496.3354|-60.0000|20.0000|2021-10-21T03:26:21.200|294-032502 st2 4 juni 2021 50 m halv_000001.tif|66EE4D7D-3BCC-4CB5-9963-D661A9C66261
25|403|195|45|32|741|448|33|1|1|0|9.3032|4.5000|0|0.0000|0.0000|0.0000|685.0000|45.0000|26.0000|35.3056|119.6396|108.0665|41.4563|22.8528|42595.4645|232.8824|376.7796|200.0188|286.5902|232.8824|1113.0312|963.5001|38.1036|24.4415|26101.0000|1.6628|2.8763|1.1552|158.2574|3.8130|0.4365|0.4691|0.7784|0.0000|775.0000|685.0000|42595.4645|25.0000|-75.0000|2021-10-21T03:26:21.200|294-032502 st2 4 juni 2021 50 m halv_000001.tif|DE80B27E-C938-4D94-AD81-DCFE02A238C0
26|450|195|51|57|290|371|33|1|1|0|9.3032|4.5000|0|0.0000|0.0000|0.0000|542.0000|68.0000|19.0000|48.1944|176.8528|148.2463|74.2358|14.7634|32215.0266|202.5276|590.7532|134.8964|406.4982|202.5276|1645.2971|1337.3006|54.7989|21.0466|29701.0000|4.5921|12.3456|1.2303|133.8553|3.8130|0.0000|0.1787|0.2409|0.0000|887.0000|542.0000|32215.0266|-55.0000|40.0000|2021-10-21T03:26:21.200|294-032502 st2 4 juni 2021 50 m halv_000001.tif|CFDF003F-A59B-4647-85DA-BA3D233C200A
27|503|195|81|94|158|81|33|1|3|0|9.3032|4.5000|0|0.0000|0.0000|0.0000|3253.0000|98.0000|61.0000|83.0833|383.6051|258.0695|98.0272|48.3035|243549.5234|556.8634|869.8492|525.6308|731.0765|556.8634|3568.7551|2359.0080|32.0470|23.4328|104249.0000|3.5998|9.2003|1.5128|78.8399|3.8130|0.2669|0.4908|0.6936|0.0000|4631.0000|3253.0000|243549.5234|-45.0000|30.0000|2021-10-21T03:26:21.200|294-032502 st2 4 juni 2021 50 m halv_000001.tif|3D8B6B18-3A6C-48D8-BB2A-FE7CFDE04015
28|586|195|40|53|329|1808|34|1|1|0|9.3032|4.5000|0|0.0000|0.0000|0.0000|697.0000|52.0000|24.0000|39.7500|142.0244|122.4677|47.5336|20.5611|43476.4907|235.2785|441.9020|181.4124|327.9378|235.2785|1321.2813|1097.4773|33.4634|19.2395|23324.0000|2.3029|5.0364|1.2039|124.0847|3.9220|0.3219|0.5011|0.6617|0.0000|809.5000|697.0000|43476.4907|-75.0000|30.0000|2021-10-21T03:26:21.313|294-032502 st2 4 juni 2021 50 m halv_000001.tif|252044DF-8DEE-4088-AF70-68724B92B004
29|628|195|57|74|609|1705|34|1|2|0|9.3032|4.5000|0|0.0000|0.0000|0.0000|1683.0000|72.0000|48.0000|62.2222|209.4802|192.4949|55.8548|41.6894|118719.3067|388.7906|627.9660|404.6892|537.0014|388.7906|1948.8365|1748.9538|33.4528|21.3609|56301.0000|2.0749|4.2850|1.1143|111.9213|3.9220|0.3896|0.4707|0.8822|0.0000|2349.5000|1683.0000|118719.3067|-75.0000|15.0000|2021-10-21T03:26:21.313|294-032502 st2 4 juni 2021 50 m halv_000001.tif|2D6D36BB-F6C9-441D-A6EA-D2F6CF907859
30|687|195|50|38|957|1630|34|1|1|0|9.3032|4.5000|0|0.0000|0.0000|0.0000|1040.0000|50.0000|32.0000|42.3611|146.3259|129.7320|47.7806|28.9823|69125.7836|296.6710|423.2956|255.8380|352.2295|299.5881|1361.2991|1165.0585|41.7154|27.8200|43384.0000|1.6104|2.6872|1.1684|139.8626|3.9220|0.5813|0.7812|0.8627|0.0000|1156.0000|1058.0000|70491.8476|-25.0000|75.0000|2021-10-21T03:26:21.313|294-032502 st2 4 juni 2021 50 m halv_000001.tif|ACB9B28E-A93B-44AF-95DA-29827D85FD8F
31|739|195|141|167|384|1530|34|1|18|0|9.3032|4.5000|0|0.0000|0.0000|0.0000|2873.0000|150.0000|127.0000|139.3333|1083.9037|434.2875|164.1731|121.7136|213031.7560|520.8075|1353.6156|1139.6420|1254.3815|526.1678|10083.7726|3998.3993|48.4880|24.0370|139306.0000|31.9301|98.3012|2.5220|110.8108|3.9220|0.0000|0.0900|0.1785|0.0000|14038.0000|2928.0000|217439.4848|-80.0000|-30.0000|2021-10-21T03:26:21.313|294-032502 st2 4 juni 2021 50 m halv_000001.tif|8D54B838-C118-4BEE-8C17-46ED10DEABE0
32|882|195|89|34|286|1504|34|1|1|0|9.3032|4.5000|0|0.0000|0.0000|0.0000|939.0000|85.0000|25.0000|59.0833|206.1665|182.2222|69.5679|22.0248|61492.8869|279.8128|748.9076|190.7156|507.7997|279.8128|1918.0084|1653.3855|38.6944|20.6601|36334.0000|3.6021|9.2079|1.1600|139.5393|3.9220|0.0000|0.3693|0.4491|0.0000|1354.5000|939.0000|61492.8869|0.0000|70.0000|2021-10-21T03:26:21.313|294-032502 st2 4 juni 2021 50 m halv_000001.tif|C005747C-B96C-444C-A96F-B7F6C92C1798
33|973|195|146|318|539|1153|34|1|4|0|9.3032|4.5000|0|0.0000|0.0000|0.0000|19766.0000|322.0000|142.0000|249.5833|1781.1312|781.1613|319.4908|114.6195|1615060.9453|1434.0012|2953.7660|1279.1900|2280.0593|1455.6452|16570.2194|7225.4353|47.4298|24.0811|937497.0000|12.4056|36.9463|2.2933|124.4445|3.9220|0.0000|0.1301|0.4498|0.0000|36068.5000|20350.0000|1664182.5504|65.0000|0.0000|2021-10-21T03:26:21.313|294-032502 st2 4 juni 2021 50 m halv_000001.tif|2E0ABE8F-0A5A-4AE1-B386-2B95CF4A3DC2
34|0|515|97|64|118|771|34|1|4|0|9.3032|4.5000|0|0.0000|0.0000|0.0000|743.0000|100.0000|46.0000|73.8333|209.2376|228.8477|65.6879|45.7187|46865.9770|244.2777|888.4556|386.0828|645.0219|244.2777|1946.5791|2087.1514|43.0781|21.4690|32007.0000|4.6890|12.6519|0.9326|149.3073|3.9220|0.0000|0.2439|0.2954|0.0000|2438.0000|743.0000|46865.9770|-25.0000|65.0000|2021-10-21T03:26:21.313|294-032502 st2 4 juni 2021 50 m halv_000001.tif|2369B209-D905-4BAC-BB3C-296B1716A33A
35|99|515|36|31|445|711|34|1|1|0|9.3032|4.5000|0|0.0000|0.0000|0.0000|592.0000|37.0000|25.0000|31.0278|106.0833|94.6974|31.1495|25.7927|35817.5561|213.5517|302.3540|190.7156|246.7932|213.5517|986.9138|839.1244|30.2584|20.6018|17913.0000|1.5127|2.3217|1.1761|180.7826|3.9220|0.6418|0.5879|0.9217|0.0000|630.5000|592.0000|35817.5561|30.0000|-85.0000|2021-10-21T03:26:21.313|294-032502 st2 4 juni 2021 50 m halv_000001.tif|A81F194A-0126-46D6-9D14-3DFCCB29614D
36|137|515|88|92|553|681|34|1|1|0|9.3032|4.5000|0|0.0000|0.0000|0.0000|969.0000|104.0000|50.0000|81.5000|329.5635|252.6989|110.3916|48.6644|63754.1121|284.9110|925.6684|423.2956|716.3464|284.9110|3065.9951|2309.0441|52.3725|20.7938|50749.0000|8.9196|25.9832|1.3278|162.7465|3.9220|0.0000|0.3442|0.1695|0.0000|3129.0000|969.0000|63754.1121|55.0000|-35.0000|2021-10-21T03:26:21.313|294-032502 st2 4 juni 2021 50 m halv_000001.tif|395504B4-3E0C-4BA8-9BB4-16F84CB87766
37|227|515|42|44|118|659|34|1|2|0|9.3032|4.5000|0|0.0000|0.0000|0.0000|715.0000|47.0000|32.0000|39.1667|143.3970|119.6960|40.2202|27.3768|44800.5517|238.8343|395.3860|255.8380|322.5109|238.8343|1334.0507|1071.6914|36.7497|20.1933|26276.0000|2.2886|4.9893|1.2448|176.2619|3.9220|0.3593|0.3742|0.7692|0.0000|955.0000|715.0000|44800.5517|50.0000|-45.0000|2021-10-21T03:26:21.313|294-032502 st2 4 juni 2021 50 m halv_000001.tif|E23C9FCA-AE1F-4CF2-BE36-68FF0CB9A62F
38|271|515|47|70|320|640|34|1|2|0|9.3032|4.5000|0|0.0000|0.0000|0.0000|824.0000|69.0000|41.0000|54.4444|222.9361|168.1915|49.9251|32.6654|52877.3339|259.4716|600.0564|339.5668|464.6432|259.4716|2074.0189|1522.8552|37.5595|24.8264|30949.0000|4.7998|13.0021|1.3619|148.6467|3.9220|0.0563|0.2147|0.5895|0.0000|1709.5000|824.0000|52877.3339|65.0000|5.0000|2021-10-21T03:26:21.313|294-032502 st2 4 juni 2021 50 m halv_000001.tif|8A1841F4-8241-4530-9EE5-75FFADFB084D
39|320|515|46|44|715|506|34|1|1|0|9.3032|4.5000|0|0.0000|0.0000|0.0000|1330.0000|44.0000|39.0000|42.0556|133.6396|129.0076|43.1440|39.3426|91311.8929|340.9720|367.4764|320.9604|349.3868|340.9720|1243.2760|1158.3189|23.3075|17.4770|30999.0000|1.0686|1.0000|1.0733|227.1478|3.9220|0.9046|0.9167|0.9934|0.0000|1292.0000|1330.0000|91311.8929|20.0000|-40.0000|2021-10-21T03:26:21.313|294-032502 st2 4 juni 2021 50 m halv_000001.tif|727BAD33-3FD8-4A23-84DA-2F987DAA932D
40|368|515|36|38|366|493|34|1|1|0|9.3032|4.5000|0|0.0000|0.0000|0.0000|754.0000|39.0000|26.0000|32.8056|104.5685|99.9047|37.2274|26.0605|47679.2434|246.3881|320.9604|200.0188|263.3322|246.3881|972.8221|887.5688|27.6950|18.8692|20882.0000|1.1540|1.0000|1.0961|196.9773|3.9220|0.7252|0.8351|0.9298|0.0000|728.0000|754.0000|47679.2434|-60.0000|45.0000|2021-10-21T03:26:21.313|294-032502 st2 4 juni 2021 50 m halv_000001.tif|5CED6DF3-E102-4226-9D92-CD1CB65EC9F1
41|406|515|40|45|405|304|34|1|1|0|9.3032|4.5000|0|0.0000|0.0000|0.0000|1065.0000|43.0000|33.0000|38.0556|122.4680|116.7475|41.1621|33.1775|71023.5358|300.7158|358.1732|265.1412|312.1740|300.7158|1139.3446|1044.2611|27.9127|19.0196|29727.0000|1.1207|1.0000|1.0911|181.9029|3.9220|0.8054|0.8163|0.9703|0.0000|1038.0000|1065.0000|71023.5358|-65.0000|40.0000|2021-10-21T03:26:21.313|294-032502 st2 4 juni 2021 50 m halv_000001.tif|2073C67E-FB56-41DB-9800-9D93E3113C32
42|448|515|67|70|960|198|34|1|3|0|9.3032|4.5000|0|0.0000|0.0000|0.0000|754.0000|75.0000|49.0000|62.8889|311.3208|194.7188|76.7129|35.8608|47679.2434|246.3881|655.8756|413.9924|543.2035|249.2412|2896.2801|1769.6439|70.2745|20.5514|52987.0000|10.0295|29.4747|1.6366|72.7004|3.9220|0.0033|0.0307|0.2731|0.0000|2303.0000|769.0000|48789.8644|-55.0000|30.0000|2021-10-21T03:26:21.313|294-032502 st2 4 juni 2021 50 m halv_000001.tif|CEA022E7-4CFC-433B-AC52-72B6BC16D57E
43|517|515|78|63|353|159|34|1|2|0|9.3032|4.5000|0|0.0000|0.0000|0.0000|1397.0000|77.0000|42.0000|61.7500|251.7645|190.7130|69.0853|31.5486|96484.3829|350.4964|674.4820|348.8700|532.6082|350.4964|2342.2155|1732.3766|30.8876|20.9735|43150.0000|3.6106|9.2348|1.3520|174.2311|3.9220|0.1853|0.1859|0.6167|0.0000|2334.5000|1397.0000|96484.3829|-15.0000|45.0000|2021-10-21T03:26:21.313|294-032502 st2 4 juni 2021 50 m halv_000001.tif|4EA8AFC4-5D28-4704-AA12-6107CE696F41
44|597|515|86|86|563|123|34|1|1|0|9.3032|4.5000|0|0.0000|0.0000|0.0000|1033.0000|99.0000|59.0000|80.0000|304.7351|248.3718|76.6381|33.9683|68594.9843|295.5298|879.1524|507.0244|702.3916|295.5298|2835.0112|2268.7884|41.1868|26.5158|42546.0000|7.1538|20.4253|1.2496|123.3269|3.9220|0.0000|0.1776|0.3743|0.0000|2875.5000|1033.0000|68594.9843|55.0000|-35.0000|2021-10-21T03:26:21.313|294-032502 st2 4 juni 2021 50 m halv_000001.tif|CCD42918-FAFA-4C83-A1ED-AA3A3CC98D5C
45|685|515|74|103|240|32|34|1|1|0|9.3032|4.5000|0|0.0000|0.0000|0.0000|1003.0000|119.0000|24.0000|80.3611|277.5635|249.5081|123.1583|16.9313|66323.0482|290.5944|1065.2164|181.4124|705.7511|290.5944|2582.2287|2279.3596|44.8814|19.5923|45016.0000|6.1124|17.1444|1.1329|157.1336|3.9220|0.0000|0.3590|0.1653|0.0000|1888.0000|1003.0000|66323.0482|-60.0000|35.0000|2021-10-21T03:26:21.313|294-032502 st2 4 juni 2021 50 m halv_000001.tif|5A82800B-6825-4952-8025-81C2FB6C3BD4
46|761|515|39|18|605|1902|35|1|1|0|9.3032|4.5000|0|0.0000|0.0000|0.0000|339.0000|35.0000|15.0000|26.7500|85.6985|81.0088|31.8513|15.4061|18006.6124|151.4158|283.7476|97.6836|206.9962|151.4158|797.2701|711.7771|36.6490|19.5942|12424.0000|1.7240|3.0928|1.1201|71.0649|4.0320|0.4462|0.4758|0.6896|0.0000|333.5000|339.0000|18006.6124|0.0000|-90.0000|2021-10-21T03:26:21.424|294-032502 st2 4 juni 2021 50 m halv_000001.tif|89FBC95E-A898-47EB-9694-FF8A83E42A86
47|802|515|55|33|143|1800|35|1|1|0|9.3032|4.5000|0|0.0000|0.0000|0.0000|735.0000|51.0000|26.0000|39.4722|147.2965|121.1780|47.8192|20.9956|46275.1568|242.7331|432.5988|200.0188|325.3536|242.7331|1370.3285|1085.4785|32.8980|19.4608|24180.0000|2.3490|5.1869|1.2624|121.8031|4.0320|0.3652|0.4858|0.6862|0.0000|902.0000|735.0000|46275.1568|0.0000|-75.0000|2021-10-21T03:26:21.424|294-032502 st2 4 juni 2021 50 m halv_000001.tif|DAB78B63-A2DE-41D8-8EFA-68890D5440E1
48|859|515|117|39|186|1609|35|1|1|0|9.3032|4.5000|0|0.0000|0.0000|0.0000|831.0000|114.0000|22.0000|77.3611|270.2082|239.7031|121.0506|15.3392|53399.1887|260.7488|1018.7004|162.8060|677.8415|260.7488|2513.8005|2188.1417|44.9374|18.6448|37343.0000|6.9918|19.9150|1.1488|151.4468|4.0320|0.0000|0.3355|0.1421|0.0000|1772.0000|831.0000|53399.1887|5.0000|-80.0000|2021-10-21T03:26:21.424|294-032502 st2 4 juni 2021 50 m halv_000001.tif|4B9AA6BB-69DA-46DB-B5A5-60775CB6BD85
49|978|515|141|261|546|1601|35|1|3|0|9.3032|4.5000|0|0.0000|0.0000|0.0000|8169.0000|282.0000|103.0000|202.2222|1155.4600|631.6744|197.5056|81.2681|646006.5162|906.9295|2581.6380|916.3652|1839.4494|908.9019|10749.4757|5834.7289|27.6224|21.3134|225647.0000|12.9517|38.6631|1.8423|150.8502|4.0320|0.0000|0.4928|0.4580|0.0000|18948.0000|8203.0000|648819.4927|-65.0000|20.0000|2021-10-21T03:26:21.424|294-032502 st2 4 juni 2021 50 m halv_000001.tif|B1D08095-69B2-4B02-9689-61CDBCCFA8FE
50|1121|515|27|25|641|1549|35|1|1|0|9.3032|4.5000|0|0.0000|0.0000|0.0000|356.0000|26.0000|20.0000|22.7778|71.6985|68.5130|24.3498|19.1453|19163.1606|156.2027|200.0188|144.1996|170.0418|156.2027|667.0253|595.5262|33.9747|20.7040|12095.0000|1.1491|1.0000|1.1201|186.3651|4.0320|0.7687|0.7142|0.9449|0.0000|340.0000|356.0000|19163.1606|30.0000|-65.0000|2021-10-21T03:26:21.424|294-032502 st2 4 juni 2021 50 m halv_000001.tif|3210A32A-F082-4EC6-87E4-4E0CD661B94B
51|0|778|148|77|107|1462|35|1|1|0|9.3032|4.5000|0|0.0000|0.0000|0.0000|3721.0000|150.0000|73.0000|111.0556|487.1026|345.6385|125.4954|62.4299|281317.6271|598.4854|1353.6156|637.2692|991.3076|598.4854|4531.6128|3173.6793|27.7393|18.9813|103218.0000|5.0742|13.8691|1.4279|156.2429|4.0320|0.0000|0.2487|0.4823|0.0000|6696.5000|3721.0000|281317.6271|15.0000|-90.0000|2021-10-21T03:26:21.424|294-032502 st2 4 juni 2021 50 m halv_000001.tif|D4DF4C06-EFB9-430C-A985-CA0867899034
52|150|778|29|41|73|1427|35|1|1|0|9.3032|4.5000|0|0.0000|0.0000|0.0000|621.0000|38.0000|23.0000|32.2500|109.4975|98.0569|39.4777|21.1808|37921.0156|219.7329|311.6572|172.1092|258.1638|219.7329|1018.6769|870.3787|34.9678|19.1807|21715.0000|1.5364|2.4122|1.1704|168.3368|4.0320|0.4876|0.5728|0.7879|0.0000|675.0000|621.0000|37921.0156|-80.0000|-15.0000|2021-10-21T03:26:21.424|294-032502 st2 4 juni 2021 50 m halv_000001.tif|6790154D-3C7E-4009-B5A7-E8C1997C055A
53|181|778|65|80|902|1323|35|1|1|0|9.3032|4.5000|0|0.0000|0.0000|0.0000|2298.0000|78.0000|58.0000|66.6944|282.6934|206.1254|58.2427|56.8582|167175.0142|461.3609|683.7852|497.7212|578.6074|461.3609|2629.9535|1875.7611|39.4282|27.3697|90606.0000|2.7674|6.5412|1.4021|134.8490|4.0320|0.5255|0.5174|0.8833|0.0000|2949.5000|2298.0000|167175.0142|75.0000|25.0000|2021-10-21T03:26:21.424|294-032502 st2 4 juni 2021 50 m halv_000001.tif|B151DF3C-7970-49C9-9009-DD3F99D6166F
54|248|778|34|36|1018|1109|35|1|1|0|9.3032|4.5000|0|0.0000|0.0000|0.0000|683.0000|36.0000|26.0000|31.0556|99.4975|94.7063|33.9576|25.8899|42448.7606|232.4811|293.0508|200.0188|247.0516|232.4811|925.6449|839.2072|28.5051|20.3026|19469.0000|1.1534|1.0000|1.1030|191.9765|4.0320|0.7773|0.8121|0.9538|0.0000|668.0000|683.0000|42448.7606|-60.0000|45.0000|2021-10-21T03:26:21.424|294-032502 st2 4 juni 2021 50 m halv_000001.tif|39B78A21-A27D-489E-A512-E33EFA459D5D
55|284|778|43|48|611|1001|35|1|4|0|9.3032|4.5000|0|0.0000|0.0000|0.0000|421.0000|42.0000|33.0000|39.0556|224.9949|119.4102|47.9461|30.1061|23649.6251|173.5271|348.8700|265.1412|321.4772|173.5271|2093.1730|1069.0322|64.5558|25.5310|27178.0000|9.5687|28.0253|1.9580|91.4745|4.0320|0.3728|0.1181|0.3345|0.0000|1021.0000|421.0000|23649.6251|-80.0000|20.0000|2021-10-21T03:26:21.424|294-032502 st2 4 juni 2021 50 m halv_000001.tif|E0FA2320-6EAF-4E92-BA7E-B9E1C1371D85
56|329|778|121|155|863|898|35|1|2|0|9.3032|4.5000|0|0.0000|0.0000|0.0000|10077.0000|157.0000|112.0000|130.9722|458.1737|408.1925|127.9689|104.8922|804238.5907|1011.9231|1418.7380|1000.0940|1176.5964|1011.9231|4262.4812|3755.6325|16.6280|15.1183|167560.0000|1.6578|2.8581|1.1350|210.4499|4.0320|0.5698|0.7061|0.9373|0.0000|11908.0000|10077.0000|804238.5907|-75.0000|-20.0000|2021-10-21T03:26:21.424|294-032502 st2 4 juni 2021 50 m halv_000001.tif|5DB8C37D-259C-4632-8DCB-6933D33FD270
57|452|778|61|65|715|686|35|1|5|0|9.3032|4.5000|0|0.0000|0.0000|0.0000|675.0000|62.0000|45.0000|54.3889|330.1493|168.2133|71.5812|39.4045|41862.3334|230.8696|534.9340|376.7796|464.1263|235.0796|3071.4447|1523.0572|74.2015|22.9768|50086.0000|12.4624|37.1248|2.0166|100.7719|4.0320|0.2110|0.4957|0.2655|0.0000|1915.0000|696.0000|43403.0198|20.0000|-35.0000|2021-10-21T03:26:21.424|294-032502 st2 4 juni 2021 50 m halv_000001.tif|3FBC9E6E-C679-4F07-8B5A-AB143A1A9341
58|515|778|28|32|881|524|35|1|1|0|9.3032|4.5000|0|0.0000|0.0000|0.0000|500.0000|29.0000|23.0000|26.1389|82.4264|78.9084|27.9902|22.8100|29215.1907|192.8677|227.9284|172.1092|201.3109|192.8677|766.8293|692.2364|31.8580|21.4753|15929.0000|1.0813|1.0000|1.1078|210.4143|4.0320|0.8477|0.9054|0.9766|0.0000|478.5000|500.0000|29215.1907|-80.0000|30.0000|2021-10-21T03:26:21.424|294-032502 st2 4 juni 2021 50 m halv_000001.tif|6A8CA619-3235-4B3D-AD4E-1D3A5715E028
59|545|778|98|85|235|209|35|1|2|0|9.3032|4.5000|0|0.0000|0.0000|0.0000|1203.0000|94.0000|77.0000|85.8056|338.4752|266.4840|79.8648|38.7454|81552.2421|322.2352|832.6364|674.4820|756.4018|322.2352|3148.9023|2437.2900|38.1804|24.1807|45931.0000|7.5784|21.7623|1.2920|140.7770|4.0320|0.0000|0.2232|0.3888|0.0000|3709.0000|1203.0000|81552.2421|-10.0000|30.0000|2021-10-21T03:26:21.424|294-032502 st2 4 juni 2021 50 m halv_000001.tif|5678F186-4E23-4BF5-A19E-6E0806BD36A7
60|645|778|66|93|107|87|35|1|1|0|9.3032|4.5000|0|0.0000|0.0000|0.0000|3937.0000|94.0000|58.0000|80.5556|312.3503|250.0694|90.8258|56.9187|298807.3550|616.8090|832.6364|497.7212|707.5600|616.8090|2905.8572|2284.5810|22.2697|17.9982|87676.0000|1.9720|3.9415|1.2719|123.7033|4.0320|0.4795|0.7081|0.8726|0.0000|4384.5000|3937.0000|298807.3550|60.0000|-10.0000|2021-10-21T03:26:21.424|294-032502 st2 4 juni 2021 50 m halv_000001.tif|127AEC8A-4C6D-45C9-A042-071129B9D950
61|713|778|83|89|371|8|35|1|1|0|9.3032|4.5000|0|0.0000|0.0000|0.0000|3002.0000|112.0000|49.0000|82.3889|324.5929|255.4409|109.6496|44.1567|223375.0668|533.3010|1000.0940|413.9924|724.6159|553.0784|3019.7529|2334.5536|33.1699|20.3063|99576.0000|2.6103|6.0348|1.2935|140.4577|4.0320|0.0000|0.4135|0.5854|0.0000|3834.5000|3212.0000|240249.9007|-50.0000|45.0000|2021-10-21T03:26:21.424|294-032502 st2 4 juni 2021 50 m halv_000001.tif|2458261A-A712-44B0-8615-EBAE54997A25
62|798|778|36|63|846|1857|36|1|1|0|9.3032|4.5000|0|0.0000|0.0000|0.0000|1057.0000|60.0000|31.0000|45.9722|166.1249|141.4582|53.0474|27.7820|70415.9121|299.4267|516.3276|246.5348|385.8244|299.4267|1545.4931|1274.1495|53.6358|18.9058|56693.0000|2.0777|4.2945|1.2130|102.6069|4.1410|0.3706|0.5545|0.7506|0.0000|1214.5000|1057.0000|70415.9121|-90.0000|-5.0000|2021-10-21T03:26:21.535|294-032502 st2 4 juni 2021 50 m halv_000001.tif|D9ED0809-DCAC-450B-8695-E719EEEB84F7
63|836|778|155|101|899|1783|36|1|3|0|9.3032|4.5000|0|0.0000|0.0000|0.0000|5800.0000|160.0000|93.0000|131.5833|750.7250|409.9921|125.3377|84.7467|450790.3744|757.6042|1446.6476|823.3332|1182.2817|767.7401|6984.1444|3772.3739|54.2264|20.9164|314513.0000|7.5402|21.6419|1.8514|82.1806|4.1410|0.0000|0.2258|0.6617|0.0000|10065.5000|5948.0000|462933.1659|-40.0000|85.0000|2021-10-21T03:26:21.535|294-032502 st2 4 juni 2021 50 m halv_000001.tif|105B919C-21D8-4D92-9ACC-03100EFCE24D
64|993|778|32|76|772|1720|36|1|1|0|9.3032|4.5000|0|0.0000|0.0000|0.0000|952.0000|75.0000|22.0000|53.0556|178.8112|163.4993|68.7274|19.6510|62472.1032|282.0318|655.8756|162.8060|451.7220|282.0318|1663.5162|1479.2021|36.8141|23.1911|35047.0000|2.6727|6.2360|1.1246|138.6646|4.1410|0.0118|0.4435|0.4744|0.0000|1087.5000|952.0000|62472.1032|-80.0000|15.0000|2021-10-21T03:26:21.535|294-032502 st2 4 juni 2021 50 m halv_000001.tif|2CAB7976-792D-418E-A2F7-F1664924EC19
65|1027|778|135|118|951|1552|36|1|1|0|9.3032|4.5000|0|0.0000|0.0000|0.0000|10411.0000|135.0000|108.0000|120.8889|409.3036|376.5624|129.2384|104.8002|832007.0694|1029.2445|1214.0676|962.8812|1082.7891|1029.2445|3807.8333|3461.3708|15.6980|12.9869|163432.0000|1.2805|1.1632|1.1001|194.9598|4.1410|0.6973|0.7147|0.9576|0.0000|10767.0000|10411.0000|832007.0694|-20.0000|70.0000|2021-10-21T03:26:21.535|294-032502 st2 4 juni 2021 50 m halv_000001.tif|F36869FB-D7FE-46B3-879C-86A1EC9EEE55
66|0|935|87|198|358|1367|36|1|7|0|9.3032|4.5000|0|0.0000|0.0000|0.0000|1157.0000|194.0000|47.0000|136.3333|380.1909|425.0405|176.8258|41.1164|78033.1953|315.2062|1762.9564|395.3860|1226.4719|315.2062|3536.9920|3912.3721|43.5627|23.8591|50402.0000|9.9417|29.1985|0.9041|126.9482|4.1410|0.0000|0.2846|0.0894|0.0000|6034.5000|1157.0000|78033.1953|65.0000|-15.0000|2021-10-21T03:26:21.535|294-032502 st2 4 juni 2021 50 m halv_000001.tif|241BC31B-CBAC-404E-B513-5559EA94C724
67|89|935|53|39|243|1220|36|1|2|0|9.3032|4.5000|0|0.0000|0.0000|0.0000|816.0000|50.0000|35.0000|42.2500|164.6102|129.6372|41.0797|33.7282|52281.3664|258.0052|423.2956|283.7476|351.1958|258.0052|1531.4013|1164.1765|37.4289|23.5090|30542.0000|2.6425|6.1387|1.3154|125.9858|4.1410|0.3855|0.2859|0.7355|0.0000|1130.5000|816.0000|52281.3664|5.0000|-90.0000|2021-10-21T03:26:21.535|294-032502 st2 4 juni 2021 50 m halv_000001.tif|29950093-A106-4BB5-B6AD-44BE1179E5FC
68|144|935|58|130|385|960|36|1|2|0|9.3032|4.5000|0|0.0000|0.0000|0.0000|1515.0000|133.0000|38.0000|89.9167|320.6934|279.3876|91.4260|31.8227|105629.6174|366.7312|1195.4612|311.6572|794.6483|366.7312|2983.4751|2557.3344|42.4884|24.8562|64370.0000|5.4020|14.9039|1.1666|84.3498|4.1410|0.0000|0.0954|0.4117|0.0000|2920.0000|1515.0000|105629.6174|-70.0000|15.0000|2021-10-21T03:26:21.535|294-032502 st2 4 juni 2021 50 m halv_000001.tif|7BB7B61C-38E8-4A8E-ACFB-14F2E2FC51AE
69|204|935|32|46|368|728|36|1|1|0|9.3032|4.5000|0|0.0000|0.0000|0.0000|848.0000|44.0000|28.0000|35.4444|113.1543|108.0429|41.9236|25.9914|54668.0115|263.8285|367.4764|218.6252|287.8824|263.8285|1052.6973|963.2807|31.6851|20.5504|26869.0000|1.2015|1.0000|1.0928|134.4433|4.1410|0.6316|0.8220|0.8875|0.0000|825.0000|848.0000|54668.0115|-75.0000|0.0000|2021-10-21T03:26:21.535|294-032502 st2 4 juni 2021 50 m halv_000001.tif|88CB1636-9497-4517-93B3-BAB49F653681
70|238|935|35|69|61|699|36|1|3|0|9.3032|4.5000|0|0.0000|0.0000|0.0000|500.0000|63.0000|29.0000|47.6111|176.0244|146.3608|59.5456|30.1593|29215.1907|192.8677|544.2372|227.9284|401.0713|192.8677|1637.5901|1319.7591|51.4060|21.8086|25703.0000|4.9313|13.4178|1.2408|131.9013|4.1410|0.1287|0.3684|0.2858|0.0000|1128.5000|500.0000|29215.1907|-90.0000|5.0000|2021-10-21T03:26:21.535|294-032502 st2 4 juni 2021 50 m halv_000001.tif|FDF1845C-8E80-47D0-8ECB-660964D33DB3
71|275|935|21|29|172|692|36|1|1|0|9.3032|4.5000|0|0.0000|0.0000|0.0000|337.0000|26.0000|17.0000|21.7500|67.6985|65.3990|24.9977|17.1650|17871.0620|150.8448|200.0188|116.2900|160.4802|150.8448|629.8125|566.5555|33.6409|19.2353|11337.0000|1.0822|1.0000|1.1117|184.4407|4.1410|0.7605|0.9013|0.9333|0.0000|314.5000|337.0000|17871.0620|85.0000|0.0000|2021-10-21T03:26:21.535|294-032502 st2 4 juni 2021 50 m halv_000001.tif|7DBF4799-581C-4F40-B1F2-BDD952CAAB48
72|298|935|49|35|636|608|36|1|2|0|9.3032|4.5000|0|0.0000|0.0000|0.0000|527.0000|45.0000|29.0000|37.9444|119.1543|116.1310|39.3190|29.0417|31140.7332|199.1221|376.7796|227.9284|311.1404|199.1221|1108.5165|1038.5251|60.7400|17.9051|32010.0000|2.1439|4.5136|1.0674|133.5728|4.1410|0.2662|0.2087|0.5616|0.0000|887.0000|527.0000|31140.7332|-25.0000|80.0000|2021-10-21T03:26:21.535|294-032502 st2 4 juni 2021 50 m halv_000001.tif|E8ED29F4-3CD3-45EE-8A08-D8A75720E13A
73|349|935|86|101|68|406|36|1|3|0|9.3032|4.5000|0|0.0000|0.0000|0.0000|3410.0000|95.0000|72.0000|86.1111|323.0782|267.5028|81.2865|60.8112|256198.8721|571.1414|841.9396|627.9660|759.2445|574.9943|3005.6612|2446.7675|25.6457|20.9468|87452.0000|2.4055|5.3710|1.2284|147.3393|4.1410|0.3459|0.5240|0.8532|0.0000|4871.0000|3453.0000|259667.1345|-90.0000|20.0000|2021-10-21T03:26:21.535|294-032502 st2 4 juni 2021 50 m halv_000001.tif|38D64D8C-1D80-47C2-ACDB-ACA7EC9002A7
74|437|935|48|89|866|331|36|1|4|0|9.3032|4.5000|0|0.0000|0.0000|0.0000|967.0000|85.0000|44.0000|67.0833|260.0660|207.6453|65.6772|30.3132|63603.2008|284.5736|748.9076|367.4764|582.2253|289.9308|2419.4462|1889.9017|75.5812|19.5444|73087.0000|5.3876|14.8582|1.2802|88.4978|4.1410|0.0000|0.1915|0.4862|0.0000|2250.5000|999.0000|66020.4881|70.0000|0.0000|2021-10-21T03:26:21.535|294-032502 st2 4 juni 2021 50 m halv_000001.tif|B4545402-DAFE-446E-8301-198821C2CB2A
75|487|935|254|242|521|148|36|1|3|0|9.3032|4.5000|0|0.0000|0.0000|0.0000|6914.0000|255.0000|220.0000|242.0556|1126.3890|757.4665|212.8747|153.4502|542379.3072|831.0107|2330.4516|2004.8396|2210.0268|831.7679|10479.0217|7004.9978|29.9754|24.2262|207250.0000|14.5775|43.7739|1.4959|155.4383|4.1410|0.0000|0.1101|0.2561|0.0000|31700.0000|6926.0000|543368.1107|-65.0000|-30.0000|2021-10-21T03:26:21.535|294-032502 st2 4 juni 2021 50 m halv_000001.tif|F450E07C-8E8A-457A-9C65-CBFBCE3942C8
76|743|935|23|47|121|1754|37|1|1|0|9.3032|4.5000|0|0.0000|0.0000|0.0000|350.0000|44.0000|19.0000|33.0278|125.3970|100.7508|51.3772|17.9634|18754.0909|154.5265|367.4764|134.8964|265.3996|154.5265|1166.5931|895.4406|51.8400|17.5468|18144.0000|3.5752|9.1221|1.3028|106.8796|4.2660|0.1606|0.1312|0.3009|0.0000|578.5000|350.0000|18754.0909|-85.0000|0.0000|2021-10-21T03:26:21.647|294-032502 st2 4 juni 2021 50 m halv_000001.tif|ECB6B1DA-3A62-4763-9B1C-6C1F5EB54695
77|768|935|33|34|836|1749|37|1|1|0|9.3032|4.5000|0|0.0000|0.0000|0.0000|491.0000|34.0000|26.0000|30.1944|110.0833|91.7614|30.8975|23.8031|28575.8005|190.7455|274.4444|200.0188|239.0406|190.7455|1024.1266|811.8106|38.5927|23.7273|18949.0000|1.9640|3.9148|1.2615|159.7708|4.2660|0.5190|0.2936|0.8219|0.0000|595.5000|491.0000|28575.8005|50.0000|-70.0000|2021-10-21T03:26:21.647|294-032502 st2 4 juni 2021 50 m halv_000001.tif|42457E17-D3C1-49AC-8F46-B7BAC80D66FA
78|803|935|47|93|364|1691|37|1|4|0|9.3032|4.5000|0|0.0000|0.0000|0.0000|702.0000|88.0000|38.0000|63.5833|206.8528|196.5908|83.3574|25.8866|43843.9856|236.2708|776.8172|311.6572|549.6641|239.2266|1924.3931|1787.0592|54.9416|19.4439|38569.0000|4.7489|12.8413|1.0768|117.1813|4.2660|0.0000|0.3105|0.2397|0.0000|2058.0000|717.0000|44947.8522|-80.0000|20.0000|2021-10-21T03:26:21.647|294-032502 st2 4 juni 2021 50 m halv_000001.tif|5633D658-16AA-4E81-B858-C7377C73409A
79|852|935|61|43|219|1541|37|1|1|0|9.3032|4.5000|0|0.0000|0.0000|0.0000|1006.0000|60.0000|34.0000|46.7222|203.3797|143.5692|58.6458|25.8480|66550.0253|291.0913|516.3276|274.4444|392.8018|291.0913|1892.0822|1293.7886|34.8002|21.9411|35009.0000|3.2720|8.1566|1.4624|140.4734|4.2660|0.1967|0.1087|0.6237|0.0000|1319.0000|1006.0000|66550.0253|-25.0000|60.0000|2021-10-21T03:26:21.647|294-032502 st2 4 juni 2021 50 m halv_000001.tif|98DCB8C6-2BA5-440C-8629-B6477D84940E
80|915|935|128|144|267|1416|37|1|7|0|9.3032|4.5000|0|0.0000|0.0000|0.0000|2666.0000|161.0000|105.0000|131.0000|576.4996|408.7225|162.7334|57.5102|196473.9029|500.1583|1455.9508|934.9716|1176.8548|500.1583|5363.2907|3760.5630|42.9295|22.4941|114450.0000|9.9204|29.1314|1.4262|113.2825|4.2660|0.0000|0.0724|0.2279|0.0000|10239.5000|2666.0000|196473.9029|-50.0000|30.0000|2021-10-21T03:26:21.647|294-032502 st2 4 juni 2021 50 m halv_000001.tif|B973E310-9315-4B40-B9B0-62175B554EBB
81|1045|935|49|44|814|1207|37|1|2|0|9.3032|4.5000|0|0.0000|0.0000|0.0000|378.0000|54.0000|19.0000|39.8889|102.9117|121.9586|60.3433|17.8598|20670.8256|162.2310|460.5084|134.8964|329.2299|162.2310|957.4080|1092.7407|37.0185|22.1610|13993.0000|2.2296|4.7960|0.8762|231.4659|4.2660|0.0000|0.1711|0.2431|0.0000|718.0000|378.0000|20670.8256|35.0000|-45.0000|2021-10-21T03:26:21.647|294-032502 st2 4 juni 2021 50 m halv_000001.tif|489D79F6-E2B7-4F9C-B17B-34B099E77D54
82|1096|935|43|60|623|1139|37|1|1|0|9.3032|4.5000|0|0.0000|0.0000|0.0000|1446.0000|63.0000|33.0000|49.5000|166.1249|151.9370|61.7709|30.3460|100276.7082|357.3182|544.2372|265.1412|418.6440|357.3182|1545.4931|1371.6360|25.9454|18.7723|37517.0000|1.5188|2.3449|1.1268|198.7310|4.2660|0.4131|0.6329|0.7774|0.0000|1514.5000|1446.0000|100276.7082|60.0000|-20.0000|2021-10-21T03:26:21.647|294-032502 st2 4 juni 2021 50 m halv_000001.tif|FBF0A692-D8BC-4B5F-ADD3-29BBC966E220
83|0|1179|66|64|476|798|37|1|1|0|9.3032|4.5000|0|0.0000|0.0000|0.0000|950.0000|71.0000|55.0000|62.7222|258.5513|193.8769|55.6879|33.6098|62321.3894|281.6914|618.6628|469.8116|541.6530|281.6914|2405.3544|1761.8113|48.4200|25.9232|45999.0000|5.5996|15.5274|1.3653|91.6089|4.2660|0.0395|0.2152|0.5718|0.0000|2040.0000|950.0000|62321.3894|-60.0000|40.0000|2021-10-21T03:26:21.647|294-032502 st2 4 juni 2021 50 m halv_000001.tif|FF1DB524-869D-4FD2-BA83-F53912B8A938
84|68|1179|66|63|927|689|37|1|1|0|9.3032|4.5000|0|0.0000|0.0000|0.0000|2108.0000|67.0000|55.0000|62.1944|245.2376|192.4349|64.8690|46.8015|152128.1605|440.1086|581.4500|469.8116|536.7430|440.1086|2281.4943|1748.3962|24.2106|19.8951|51036.0000|2.2704|4.9297|1.3049|202.6977|4.2660|0.3013|0.1877|0.8390|0.0000|2626.0000|2108.0000|152128.1605|-55.0000|70.0000|2021-10-21T03:26:21.647|294-032502 st2 4 juni 2021 50 m halv_000001.tif|E6710D59-E0A2-478C-9DE5-819971800C0E
85|136|1179|35|41|183|645|37|1|2|0|9.3032|4.5000|0|0.0000|0.0000|0.0000|427.0000|40.0000|30.0000|35.0278|147.8822|106.9001|45.0388|26.0893|24068.3466|175.0565|330.2636|237.2316|284.0060|175.0565|1375.7781|952.6488|48.6136|23.3290|20758.0000|4.0756|10.7106|1.4442|142.2344|4.2660|0.2844|0.2486|0.4014|0.0000|770.0000|427.0000|24068.3466|-65.0000|0.0000|2021-10-21T03:26:21.647|294-032502 st2 4 juni 2021 50 m halv_000001.tif|D14A063D-BA22-49A9-B379-8E400E7ED487
86|173|1179|60|111|319|442|37|1|3|0|9.3032|4.5000|0|0.0000|0.0000|0.0000|1506.0000|107.0000|35.0000|79.2222|334.4335|245.2119|95.9804|29.3600|104930.6007|365.5158|953.5780|283.7476|695.1558|365.5158|3111.3022|2239.3910|38.4037|23.9645|57836.0000|5.9100|16.5061|1.3894|144.0925|4.2660|0.0000|0.2631|0.3807|0.0000|2926.5000|1506.0000|104930.6007|75.0000|-20.0000|2021-10-21T03:26:21.647|294-032502 st2 4 juni 2021 50 m halv_000001.tif|0781814E-3042-41DB-8FC6-D69FF5D9F046
87|235|1179|36|33|460|416|37|1|1|0|9.3032|4.5000|0|0.0000|0.0000|0.0000|497.0000|35.0000|28.0000|30.5556|117.1543|92.7986|31.5072|22.2807|29001.9200|192.1624|283.7476|218.6252|242.4000|192.1624|1089.9101|821.4600|35.2153|22.0265|17502.0000|2.1976|4.6908|1.3268|158.4257|4.2660|0.5752|0.4395|0.8499|0.0000|610.0000|497.0000|29001.9200|15.0000|-55.0000|2021-10-21T03:26:21.647|294-032502 st2 4 juni 2021 50 m halv_000001.tif|49733C07-E3CE-4A5D-99D2-1F706A19C8FE
88|273|1179|41|48|524|336|37|1|1|0|9.3032|4.5000|0|0.0000|0.0000|0.0000|695.0000|45.0000|32.0000|40.6944|167.7401|124.6440|40.1198|25.6696|43329.5582|234.8806|376.7796|255.8380|336.7242|234.8806|1560.5198|1117.7235|37.1237|23.7736|25801.0000|3.2217|7.9961|1.3962|133.4079|4.2660|0.3898|0.2302|0.7802|0.0000|994.0000|695.0000|43329.5582|80.0000|30.0000|2021-10-21T03:26:21.647|294-032502 st2 4 juni 2021 50 m halv_000001.tif|B0B6EBB1-0596-4DCE-BB89-CB2C39FA6231
89|316|1179|185|232|380|52|37|1|11|0|9.3032|4.5000|0|0.0000|0.0000|0.0000|8868.0000|230.0000|152.0000|199.1667|1725.6337|622.4928|186.7206|134.1933|703890.0140|946.6893|2097.8716|1372.2220|1811.0229|972.1129|16053.9153|5749.3106|51.5613|27.0373|457246.0000|25.3984|77.7785|2.7923|98.9370|4.2660|0.0000|0.2154|0.4494|0.0000|26690.5000|9330.0000|742204.0277|-75.0000|-15.0000|2021-10-21T03:26:21.647|294-032502 st2 4 juni 2021 50 m halv_000001.tif|BF2813FE-C93C-4B7E-85E1-BB0BA1707125
90|503|1179|43|49|808|1697|38|1|1|0|9.3032|4.5000|0|0.0000|0.0000|0.0000|1025.0000|48.0000|36.0000|42.6389|149.7817|130.8860|42.2948|35.2034|67988.6687|294.2208|404.6892|293.0508|354.8137|306.7740|1393.4495|1175.7943|38.2166|25.2204|39172.0000|1.6186|2.7168|1.1851|135.2047|4.3750|0.6933|0.6720|0.9276|0.0000|1226.5000|1103.0000|73914.0285|-70.0000|-25.0000|2021-10-21T03:26:21.760|294-032502 st2 4 juni 2021 50 m halv_000001.tif|355570A2-59F7-4BFA-9A3A-C5853A1B4D0B
91|548|1179|40|43|1019|1688|38|1|1|0|9.3032|4.5000|0|0.0000|0.0000|0.0000|882.0000|41.0000|32.0000|36.8889|169.4386|113.0273|42.2445|31.4384|57211.6577|269.8965|339.5668|255.8380|301.3203|271.4831|1576.3212|1009.6511|49.3946|28.4517|43566.0000|2.5641|5.8855|1.5613|122.0897|4.3750|0.2907|0.4037|0.8182|0.0000|979.0000|891.0000|57886.2693|-40.0000|20.0000|2021-10-21T03:26:21.760|294-032502 st2 4 juni 2021 50 m halv_000001.tif|8CD9BEBA-B727-47EA-9C05-BFEF6212F423
92|590|1179|203|224|565|1626|38|1|4|0|9.3032|4.5000|0|0.0000|0.0000|0.0000|10979.0000|254.0000|187.0000|217.0278|1310.1535|678.4262|223.3477|122.5419|879271.2896|1058.0751|2321.1484|1697.8340|1977.1884|1058.5259|12188.6196|6269.6701|27.5878|21.9203|302886.0000|12.4313|37.0270|1.9441|145.3671|4.3750|0.0000|0.1189|0.4311|0.0000|28211.0000|10988.0000|880020.5943|-55.0000|60.0000|2021-10-21T03:26:21.760|294-032502 st2 4 juni 2021 50 m halv_000001.tif|0B804BCC-562E-466F-B27A-B430282C8603
93|795|1179|65|51|854|1570|38|1|2|0|9.3032|4.5000|0|0.0000|0.0000|0.0000|1118.0000|63.0000|46.0000|57.4722|220.7939|177.3621|61.6211|37.6758|75056.9052|309.1366|544.2372|386.0828|492.8112|309.1366|2054.0902|1608.1705|33.9275|22.3755|37931.0000|3.4699|8.7874|1.2773|171.6183|4.3750|0.0251|0.4123|0.5457|0.0000|2024.5000|1118.0000|75056.9052|-50.0000|85.0000|2021-10-21T03:26:21.760|294-032502 st2 4 juni 2021 50 m halv_000001.tif|A8FB9E75-7684-4856-84A5-CD4BD2054EC9
94|862|1179|32|49|756|1253|38|1|1|0|9.3032|4.5000|0|0.0000|0.0000|0.0000|865.0000|45.0000|28.0000|38.0000|143.0538|116.0179|45.7928|25.6353|55938.8542|266.8774|376.7796|218.6252|311.6572|266.8774|1330.8583|1037.4735|34.8578|23.6988|30152.0000|1.8827|3.6398|1.2828|148.3629|4.3750|0.4518|0.4164|0.7998|0.0000|963.0000|865.0000|55938.8542|-90.0000|0.0000|2021-10-21T03:26:21.760|294-032502 st2 4 juni 2021 50 m halv_000001.tif|C73F09DD-7AB7-4669-8B58-F4B2C0F1EFB7
95|896|1179|47|74|373|1071|38|1|2|0|9.3032|4.5000|0|0.0000|0.0000|0.0000|1408.0000|71.0000|43.0000|59.3056|269.8650|183.2499|74.4974|39.3742|97335.0450|352.0381|618.6628|358.1732|509.8670|356.4891|2510.6081|1662.9457|43.8161|24.9026|61693.0000|4.0246|10.5488|1.5097|108.0043|4.3750|0.1604|0.1219|0.5165|0.0000|2282.0000|1440.0000|99811.9291|-85.0000|0.0000|2021-10-21T03:26:21.760|294-032502 st2 4 juni 2021 50 m halv_000001.tif|4F8BFA52-1C37-45D6-86CB-E059DA1D561D
96|945|1179|83|53|717|1060|38|1|2|0|9.3032|4.5000|0|0.0000|0.0000|0.0000|1581.0000|83.0000|39.0000|63.8056|234.0660|197.0388|80.8116|32.8657|110762.8507|375.5365|730.3012|320.9604|551.7314|375.5365|2177.5630|1791.2273|35.7356|24.3616|56498.0000|2.7576|6.5097|1.2157|145.1133|4.3750|0.0953|0.3621|0.5290|0.0000|2248.5000|1581.0000|110762.8507|20.0000|-70.0000|2021-10-21T03:26:21.760|294-032502 st2 4 juni 2021 50 m halv_000001.tif|C3EBBC08-B14B-4492-B83C-DC582E1B65EB
97|1030|1179|30|30|948|749|38|1|1|0|9.3032|4.5000|0|0.0000|0.0000|0.0000|467.0000|34.0000|20.0000|26.8056|84.7696|80.9350|31.7771|19.0336|26877.1413|184.9893|274.4444|144.1996|207.5130|184.9893|788.6281|711.0897|34.0493|21.2457|15901.0000|1.2245|1.0000|1.1090|187.5946|4.3750|0.6485|0.7912|0.8667|0.0000|445.0000|467.0000|26877.1413|-55.0000|45.0000|2021-10-21T03:26:21.760|294-032502 st2 4 juni 2021 50 m halv_000001.tif|13405204-D4CF-40AF-8AEB-8F6314A037CF
98|1062|1179|30|44|738|711|38|1|1|0|9.3032|4.5000|0|0.0000|0.0000|0.0000|394.0000|43.0000|22.0000|33.8889|186.7107|103.1371|46.5911|22.3753|21774.5110|166.5058|358.1732|162.8060|273.4107|166.5058|1737.0068|917.6405|69.7157|21.7459|27468.0000|7.0410|20.0700|1.8929|99.3494|4.3750|0.2890|0.4598|0.3756|0.0000|681.0000|394.0000|21774.5110|60.0000|-20.0000|2021-10-21T03:26:21.760|294-032502 st2 4 juni 2021 50 m halv_000001.tif|15FB93CF-04E3-4E3C-97E0-A61F859FE028
99|1094|1179|28|39|402|577|38|1|1|0|9.3032|4.5000|0|0.0000|0.0000|0.0000|588.0000|38.0000|22.0000|30.3056|95.8406|91.7732|36.9353|20.6484|35528.1983|212.6873|311.6572|162.8060|240.0742|212.6873|891.6245|811.9199|25.5748|16.2320|15038.0000|1.2431|1.0000|1.0982|205.6024|4.3750|0.5754|0.7064|0.8362|0.0000|569.0000|588.0000|35528.1983|-65.0000|10.0000|2021-10-21T03:26:21.760|294-032502 st2 4 juni 2021 50 m halv_000001.tif|190571EB-3B21-4C45-B269-53310FB0AAC6
100|1124|1179|30|30|830|1421|39|1|1|0|9.3032|4.5000|0|0.0000|0.0000|0.0000|496.0000|30.0000|21.0000|26.2778|82.4264|79.5381|29.2282|21.7117|28930.8609|191.9269|237.2316|153.5028|202.6030|191.9269|766.8293|698.0943|29.5141|21.2186|14639.0000|1.0900|1.0000|1.0985|233.0000|4.4850|0.7975|0.8528|0.9528|0.0000|474.5000|496.0000|28930.8609|-40.0000|45.0000|2021-10-21T03:26:21.870|294-032502 st2 4 juni 2021 50 m halv_000001.tif|2A658AAE-4BFF-4EAF-B602-5E68F36C9E24
101|0|1413|46|45|819|1153|39|1|4|0|9.3032|4.5000|0|0.0000|0.0000|0.0000|336.0000|43.0000|35.0000|39.5833|224.0660|121.0411|48.2414|26.9020|17803.3285|150.5586|358.1732|283.7476|326.3873|150.5586|2084.5310|1084.2055|68.9018|23.7892|23151.0000|11.8906|35.3270|1.9226|133.9430|4.4850|0.2998|0.2616|0.2804|0.0000|1048.0000|336.0000|17803.3285|-30.0000|-80.0000|2021-10-21T03:26:21.870|294-032502 st2 4 juni 2021 50 m halv_000001.tif|D787F249-2947-4192-8A35-2B15227DE6A0
102|48|1413|22|32|345|1080|39|1|1|0|9.3032|4.5000|0|0.0000|0.0000|0.0000|371.0000|29.0000|18.0000|23.2778|73.3553|70.2656|27.3219|17.4577|20189.8320|160.3324|227.9284|125.5932|174.6934|160.3324|682.4394|611.8306|29.6765|18.3610|11010.0000|1.1542|1.0000|1.1154|216.7143|4.4850|0.6980|0.7735|0.8987|0.0000|351.0000|371.0000|20189.8320|75.0000|0.0000|2021-10-21T03:26:21.870|294-032502 st2 4 juni 2021 50 m halv_000001.tif|13BF29A9-5AA1-4824-94DF-D7F3E033EB2E
103|72|1413|36|33|347|739|39|1|1|0|9.3032|4.5000|0|0.0000|0.0000|0.0000|584.0000|38.0000|23.0000|30.9444|100.0833|93.9008|36.2214|21.6631|35239.0342|211.8200|311.6572|172.1092|246.0180|211.8200|931.0946|831.7134|29.3818|18.1323|17159.0000|1.3649|1.6996|1.1195|195.8953|4.4850|0.5615|0.5600|0.8349|0.0000|598.5000|584.0000|35239.0342|-55.0000|35.0000|2021-10-21T03:26:21.870|294-032502 st2 4 juni 2021 50 m halv_000001.tif|CEFD0AB0-DE78-42FC-BE31-E61ED1CA189F
104|110|1413|22|34|848|698|39|1|1|0|9.3032|4.5000|0|0.0000|0.0000|0.0000|394.0000|30.0000|18.0000|24.3333|76.1838|73.5969|29.3311|17.2972|21774.5110|166.5058|237.2316|125.5932|184.5135|166.5058|708.7528|642.8223|40.5127|23.5164|15962.0000|1.1722|1.0000|1.1026|159.0308|4.4850|0.6442|0.8091|0.8653|0.0000|370.5000|394.0000|21774.5110|-90.0000|0.0000|2021-10-21T03:26:21.870|294-032502 st2 4 juni 2021 50 m halv_000001.tif|0C6ED46A-C275-45C7-8D78-2C2A80559FFE
105|134|1413|178|329|461|420|39|1|2|0|9.3032|4.5000|0|0.0000|0.0000|0.0000|21961.0000|352.0000|113.0000|245.8333|909.4773|769.3698|305.7542|102.6775|1799790.1349|1513.7913|3232.8620|1009.3972|2245.1723|1554.1410|8461.0489|7115.7371|17.5699|15.8854|385852.0000|2.8476|6.7989|1.1891|205.3697|4.4850|0.0000|0.5018|0.5658|0.0000|28196.5000|23115.0000|1897014.8735|-70.0000|25.0000|2021-10-21T03:26:21.870|294-032502 st2 4 juni 2021 50 m halv_000001.tif|8DD362D6-D190-4B1E-9376-E6B18751EBEA
106|314|1413|43|70|561|64|39|1|2|0|9.3032|4.5000|0|0.0000|0.0000|0.0000|627.0000|66.0000|35.0000|53.4444|194.5097|164.4880|66.8121|27.1659|38357.4075|220.9936|572.1468|283.7476|455.3400|220.9936|1809.5623|1488.4005|67.7799|17.8735|42498.0000|4.8018|13.0085|1.2158|83.2440|4.4850|0.0000|0.1954|0.3069|0.0000|1469.5000|627.0000|38357.4075|-85.0000|-15.0000|2021-10-21T03:26:21.870|294-032502 st2 4 juni 2021 50 m halv_000001.tif|22B249DD-4C77-4B09-934B-EE338A77B770
107|359|1413|28|30|445|1834|40|1|1|0|9.3032|4.5000|0|0.0000|0.0000|0.0000|440.0000|30.0000|20.0000|25.1667|79.5980|75.9948|29.3709|19.2000|24977.9726|178.3338|237.2316|144.1996|192.2661|178.3338|740.5159|665.1307|30.3250|16.4636|13343.0000|1.1459|1.0000|1.1133|153.0147|4.5940|0.7157|0.7652|0.9100|0.0000|421.5000|440.0000|24977.9726|40.0000|-30.0000|2021-10-21T03:26:21.984|294-032502 st2 4 juni 2021 50 m halv_000001.tif|72A408ED-1229-4E31-936E-30D5970E85D9
108|389|1413|120|70|560|1660|40|1|7|0|9.3032|4.5000|0|0.0000|0.0000|0.0000|372.0000|116.0000|38.0000|82.6944|228.6518|256.6225|106.6428|46.4633|20258.4737|160.6048|1037.3068|311.6572|727.4586|160.6048|2127.1934|2345.5459|64.8172|14.6769|24112.0000|11.1840|33.1053|0.9069|107.3586|4.5940|0.0000|0.1365|0.0700|0.0000|2662.0000|372.0000|20258.4737|-20.0000|70.0000|2021-10-21T03:26:21.984|294-032502 st2 4 juni 2021 50 m halv_000001.tif|BFB6D851-E4B2-4652-A9D2-1DD1C06FA53D
109|511|1413|182|281|395|1117|40|1|8|0|9.3032|4.5000|0|0.0000|0.0000|0.0000|13662.0000|276.0000|153.0000|217.5556|1690.6631|680.3603|201.4598|127.0362|1103128.1270|1185.1356|2525.8188|1381.5252|1982.0984|1247.4109|15728.5771|6287.6637|49.5487|25.1606|676934.0000|15.0795|45.3517|2.5015|112.6200|4.5940|0.0436|0.3834|0.6772|0.0000|26126.0000|15084.0000|1222106.3033|-75.0000|15.0000|2021-10-21T03:26:21.984|294-032502 st2 4 juni 2021 50 m halv_000001.tif|26AF6DF1-6C93-4019-81B9-82B9B7C5EE0F
110|695|1413|60|50|504|905|40|1|2|0|9.3032|4.5000|0|0.0000|0.0000|0.0000|893.0000|57.0000|45.0000|51.8056|153.7817|159.7535|50.1634|33.6044|58036.2547|271.8346|488.4180|376.7796|440.0930|271.8346|1430.6623|1444.3542|40.3987|22.9512|36076.0000|2.1074|4.3930|0.9905|123.6870|4.5940|0.1686|0.3675|0.6238|0.0000|1469.0000|893.0000|58036.2547|5.0000|-90.0000|2021-10-21T03:26:21.984|294-032502 st2 4 juni 2021 50 m halv_000001.tif|18EFA81A-F657-4F93-828B-F74E97977B6D
111|757|1413|56|35|170|818|40|1|1|0|9.3032|4.5000|0|0.0000|0.0000|0.0000|1049.0000|52.0000|29.0000|41.5000|137.9828|127.3571|48.2776|28.8354|69808.6098|298.1327|441.9020|227.9284|344.2184|298.1327|1283.6812|1142.9643|26.5291|17.8963|27829.0000|1.4443|2.0496|1.1231|179.8678|4.5940|0.5435|0.6968|0.8447|0.0000|1078.0000|1049.0000|69808.6098|0.0000|75.0000|2021-10-21T03:26:21.984|294-032502 st2 4 juni 2021 50 m halv_000001.tif|331B5EA5-2275-47A9-B5F5-B52868E5167F
112|815|1413|66|64|683|689|40|1|1|0|9.3032|4.5000|0|0.0000|0.0000|0.0000|2445.0000|73.0000|54.0000|61.8611|252.5513|191.1816|70.7900|45.5006|178855.7654|477.2067|637.2692|460.5084|533.6419|477.2067|2349.5352|1736.7365|23.1162|20.2825|56519.0000|2.0759|4.2885|1.3528|202.7443|4.5940|0.4964|0.6739|0.8792|0.0000|2714.5000|2445.0000|178855.7654|40.0000|-70.0000|2021-10-21T03:26:21.984|294-032502 st2 4 juni 2021 50 m halv_000001.tif|D8E6D351-A08A-45FE-AB0E-662F9FD75F58
113|883|1413|71|66|768|597|40|1|2|0|9.3032|4.5000|0|0.0000|0.0000|0.0000|1695.0000|81.0000|37.0000|63.3056|214.9949|195.6352|71.2632|34.3786|119657.1176|390.3232|711.6948|302.3540|547.0798|390.3232|2000.1410|1778.1692|31.1499|21.2986|52799.0000|2.1701|4.6001|1.1248|178.2634|4.5940|0.0588|0.2132|0.6895|0.0000|2267.5000|1695.0000|119657.1176|30.0000|-35.0000|2021-10-21T03:26:21.984|294-032502 st2 4 juni 2021 50 m halv_000001.tif|4C9F2790-35A6-4C18-99DC-DDBB7A5CB20E
114|956|1413|79|116|777|361|40|1|1|0|9.3032|4.5000|0|0.0000|0.0000|0.0000|2617.0000|118.0000|73.0000|97.5833|494.6762|303.4026|112.2976|51.1112|192562.0530|495.1541|1055.9132|637.2692|865.9729|495.1541|4602.0715|2780.7504|33.0191|25.3108|86411.0000|7.4410|21.3296|1.6550|161.9977|4.5940|0.0000|0.2158|0.4378|0.0000|5232.0000|2617.0000|192562.0530|70.0000|-15.0000|2021-10-21T03:26:21.984|294-032502 st2 4 juni 2021 50 m halv_000001.tif|B30DE51E-928B-4D53-B33C-509F78DAA730
115|1037|1413|64|52|430|230|40|1|3|0|9.3032|4.5000|0|0.0000|0.0000|0.0000|676.0000|69.0000|27.0000|49.9444|138.4680|154.0270|58.8160|26.5587|41935.6026|231.0716|600.0564|209.3220|422.7788|231.0716|1288.1958|1391.0796|34.1997|20.5351|23119.0000|2.2571|4.8861|0.9260|186.1261|4.5940|0.0000|0.3058|0.4133|0.0000|1162.5000|676.0000|41935.6026|-40.0000|55.0000|2021-10-21T03:26:21.984|294-032502 st2 4 juni 2021 50 m halv_000001.tif|76DA58AA-14AC-4994-AB9B-EC62A6A09388
116|1103|1413|36|32|958|1833|41|1|1|0|9.3032|4.5000|0|0.0000|0.0000|0.0000|691.0000|37.0000|26.0000|31.1111|98.4264|94.4862|34.7777|25.4485|43035.8066|234.0831|302.3540|200.0188|247.5685|234.0831|915.6805|837.1593|37.9320|23.8727|26211.0000|1.1157|1.0000|1.0938|95.4535|4.7040|0.7632|0.8703|0.9475|0.0000|662.5000|691.0000|43035.8066|40.0000|-50.0000|2021-10-21T03:26:22.095|294-032502 st2 4 juni 2021 50 m halv_000001.tif|62CE4853-F679-4B0C-84F7-669D0AADC39C
117|1141|1413|33|32|430|1477|41|1|1|0|9.3032|4.5000|0|0.0000|0.0000|0.0000|473.0000|31.0000|26.0000|28.6944|101.2548|86.7339|28.3943|22.7376|27300.9114|186.4419|246.5348|200.0188|225.0858|186.4419|941.9940|765.0382|34.4017|20.9645|16272.0000|1.7249|3.0959|1.2313|147.7727|4.7040|0.6699|0.4898|0.9103|0.0000|512.5000|473.0000|27300.9114|-70.0000|40.0000|2021-10-21T03:26:22.095|294-032502 st2 4 juni 2021 50 m halv_000001.tif|112BEBB4-92E7-4293-A437-ED0D785AFA48
118|0|1744|49|75|805|1460|41|1|1|0|9.3032|4.5000|0|0.0000|0.0000|0.0000|1928.0000|72.0000|45.0000|61.2222|242.2082|189.0752|68.4804|40.5843|137932.6271|419.0719|627.9660|376.7796|527.6982|419.0719|2253.3109|1717.1400|38.2303|27.4574|73708.0000|2.4214|5.4225|1.3122|176.7826|4.7040|0.3722|0.4433|0.7748|0.0000|2371.5000|1928.0000|137932.6271|-85.0000|0.0000|2021-10-21T03:26:22.095|294-032502 st2 4 juni 2021 50 m halv_000001.tif|A571D414-E78D-4423-9B96-DF278B19CDDE
119|51|1744|81|67|664|1385|41|1|2|0|9.3032|4.5000|0|0.0000|0.0000|0.0000|1015.0000|89.0000|46.0000|70.1944|253.5807|217.1405|73.5392|29.4237|67231.2479|292.5773|786.1204|386.0828|611.1686|292.5773|2359.1123|1978.2374|57.1202|22.1187|57977.0000|5.0415|13.7656|1.1925|102.6933|4.7040|0.0000|0.2779|0.4120|0.0000|2478.0000|1015.0000|67231.2479|40.0000|-50.0000|2021-10-21T03:26:22.095|294-032502 st2 4 juni 2021 50 m halv_000001.tif|CB87FB32-3349-4718-99C7-89680600A5D1
120|134|1744|51|34|520|1375|41|1|1|0|9.3032|4.5000|0|0.0000|0.0000|0.0000|820.0000|51.0000|24.0000|39.3056|131.6396|120.1953|51.4830|21.5821|52579.2913|258.7393|432.5988|181.4124|323.8030|258.7393|1224.6696|1076.3367|34.1476|21.1933|28001.0000|1.6817|2.9435|1.1378|190.4513|4.7040|0.3127|0.6894|0.6701|0.0000|895.5000|820.0000|52579.2913|20.0000|-75.0000|2021-10-21T03:26:22.095|294-032502 st2 4 juni 2021 50 m halv_000001.tif|B3E1438B-D8B8-41FD-AC0A-FFD84D0770A4
121|187|1744|27|29|162|1239|41|1|1|0|9.3032|4.5000|0|0.0000|0.0000|0.0000|431.0000|26.0000|22.0000|24.2778|76.1838|72.9518|24.9795|22.0626|24347.8863|176.0701|200.0188|162.8060|183.9966|176.0701|708.7528|636.8211|29.1926|17.7458|12582.0000|1.0716|1.0000|1.1130|198.8923|4.7040|0.8840|0.8331|0.9881|0.0000|411.5000|431.0000|24347.8863|-85.0000|-25.0000|2021-10-21T03:26:22.095|294-032502 st2 4 juni 2021 50 m halv_000001.tif|69670266-848B-4027-9AB7-245BA21D763A
122|216|1744|50|72|869|1174|41|1|1|0|9.3032|4.5000|0|0.0000|0.0000|0.0000|938.0000|75.0000|35.0000|56.7222|206.9949|175.2102|69.6639|32.1884|61417.6043|279.6414|655.8756|283.7476|485.8338|285.7530|1925.7154|1588.1514|54.5736|21.0290|51190.0000|3.5007|8.8851|1.2126|162.6348|4.7040|0.0504|0.3912|0.4212|0.0000|1677.5000|974.0000|64131.4902|55.0000|-45.0000|2021-10-21T03:26:22.095|294-032502 st2 4 juni 2021 50 m halv_000001.tif|0F96EDB0-BDE0-40BC-AD24-B556A2928700
123|268|1744|72|56|996|1040|41|1|1|0|9.3032|4.5000|0|0.0000|0.0000|0.0000|1567.0000|71.0000|45.0000|59.8333|276.5929|184.7810|55.1900|44.0595|109672.9577|373.6843|618.6628|376.7796|514.7771|373.6843|2573.1993|1677.1906|30.5756|24.9733|47912.0000|3.8851|10.1065|1.5342|171.5212|4.7040|0.1366|0.0809|0.8001|0.0000|2196.5000|1567.0000|109672.9577|-45.0000|65.0000|2021-10-21T03:26:22.095|294-032502 st2 4 juni 2021 50 m halv_000001.tif|ADC630FB-34C2-42ED-B103-6D5CA96CF6C3
124|342|1744|77|70|317|1010|41|1|1|0|9.3032|4.5000|0|0.0000|0.0000|0.0000|2063.0000|75.0000|52.0000|66.5000|261.6224|205.8637|70.9093|41.6448|148573.5545|434.9365|655.8756|441.9020|576.7984|435.9754|2433.9252|1873.3264|28.1440|20.3503|58061.0000|2.6288|6.0944|1.2993|160.4469|4.7040|0.4022|0.5495|0.7802|0.0000|2787.0000|2072.0000|149284.1812|60.0000|-55.0000|2021-10-21T03:26:22.095|294-032502 st2 4 juni 2021 50 m halv_000001.tif|891EEB50-EFCB-403F-8EF4-1AEBC56FBE93
125|421|1744|191|104|521|681|41|1|2|0|9.3032|4.5000|0|0.0000|0.0000|0.0000|5893.0000|189.0000|87.0000|144.9167|677.2102|452.1532|242.3797|70.4568|458419.6631|763.9882|1716.4404|767.5140|1306.3243|763.9882|6300.2223|4164.6070|28.3932|22.8260|167321.0000|6.1930|17.3984|1.5128|174.3147|4.7040|0.0000|0.3284|0.2355|0.0000|12263.5000|5893.0000|458419.6631|-15.0000|75.0000|2021-10-21T03:26:22.095|294-032502 st2 4 juni 2021 50 m halv_000001.tif|DA7D3C64-C172-47AA-BFE8-A1C9A9536DA6
126|614|1744|41|52|934|556|41|1|1|0|9.3032|4.5000|0|0.0000|0.0000|0.0000|1152.0000|50.0000|36.0000|42.9722|148.3675|131.8161|47.0792|32.2246|77651.2397|314.4338|423.2956|293.0508|357.9148|314.4338|1380.2928|1184.4472|47.2422|28.1346|54423.0000|1.5206|2.3519|1.1653|124.8571|4.7040|0.6174|0.6699|0.9013|0.0000|1238.0000|1152.0000|77651.2397|-75.0000|-5.0000|2021-10-21T03:26:22.095|294-032502 st2 4 juni 2021 50 m halv_000001.tif|F34C6352-8AEF-4EC7-801A-B3BBECC70282
127|657|1744|84|59|394|458|41|1|3|0|9.3032|4.5000|0|0.0000|0.0000|0.0000|981.0000|81.0000|51.0000|64.4444|304.5929|198.9088|66.2946|41.3146|64660.0577|286.9281|711.6948|432.5988|557.6752|286.9281|2833.6889|1808.6235|38.3344|24.0885|37606.0000|7.5259|21.5971|1.5668|162.4053|4.7040|0.0700|0.4741|0.4094|0.0000|2502.5000|981.0000|64660.0577|5.0000|65.0000|2021-10-21T03:26:22.095|294-032502 st2 4 juni 2021 50 m halv_000001.tif|F0CB1961-4C6C-4860-BABA-1EFE3FF69272
128|743|1744|63|162|341|140|41|1|7|0|9.3032|4.5000|0|0.0000|0.0000|0.0000|1533.0000|154.0000|49.0000|104.7778|398.7351|325.9052|72.4918|43.6716|107028.3598|369.1514|1390.8284|413.9924|932.9042|373.0208|3709.5120|2990.0971|52.0633|25.5251|79813.0000|8.0999|23.4038|1.2406|83.5593|4.7040|0.0000|0.1387|0.5554|0.0000|4406.5000|1562.0000|109283.8420|-85.0000|20.0000|2021-10-21T03:26:22.095|294-032502 st2 4 juni 2021 50 m halv_000001.tif|4C07BD91-7C17-4EC7-98E5-D643BD4A5D53
129|808|1744|34|51|457|77|41|1|1|0|9.3032|4.5000|0|0.0000|0.0000|0.0000|459.0000|55.0000|21.0000|38.8611|147.7817|118.6818|51.8275|18.4777|26313.0744|183.0378|469.8116|153.5028|319.6683|183.0378|1374.8431|1062.2563|47.0959|21.1731|21617.0000|3.7863|9.7930|1.2943|163.0400|4.7040|0.0464|0.0863|0.3861|0.0000|698.0000|459.0000|26313.0744|-60.0000|20.0000|2021-10-21T03:26:22.095|294-032502 st2 4 juni 2021 50 m halv_000001.tif|406FF0F5-78A8-4436-8B8E-8850C23724C0
130|844|1744|35|23|608|65|41|1|1|0|9.3032|4.5000|0|0.0000|0.0000|0.0000|425.0000|32.0000|19.0000|25.3889|80.1838|76.9474|30.4539|18.0122|23928.6938|174.5479|255.8380|134.8964|194.3335|174.5479|745.9656|673.9924|36.5906|21.5452|15551.0000|1.2039|1.0000|1.1068|148.5652|4.7040|0.6423|0.8545|0.8645|0.0000|404.5000|425.0000|23928.6938|10.0000|-90.0000|2021-10-21T03:26:22.095|294-032502 st2 4 juni 2021 50 m halv_000001.tif|FA1EF4D9-0F5C-4913-AD5E-10F183DF4921
131|881|1744|47|29|401|1891|42|1|1|0|9.3032|4.5000|0|0.0000|0.0000|0.0000|923.0000|44.0000|26.0000|38.6111|124.1838|118.3513|43.8928|28.2018|60289.0914|277.0604|367.4764|200.0188|317.3425|277.0604|1155.3064|1059.1815|24.9599|14.3933|23038.0000|1.3296|1.5185|1.0908|62.1858|4.8130|0.5774|0.7004|0.8635|0.0000|900.5000|923.0000|60289.0914|-15.0000|-90.0000|2021-10-21T03:26:22.207|294-032502 st2 4 juni 2021 50 m halv_000001.tif|E91FFD96-FE3C-4182-AADA-966F5D0106D8
132|930|1744|54|73|157|1767|42|1|4|0|9.3032|4.5000|0|0.0000|0.0000|0.0000|1220.0000|72.0000|45.0000|59.3056|228.0660|182.7897|66.8320|37.5162|82855.0018|324.7988|627.9660|376.7796|509.8670|324.7988|2121.7438|1658.6646|35.8877|21.0261|43783.0000|3.3927|8.5416|1.2792|107.5990|4.8130|0.0980|0.0629|0.5289|0.0000|2168.5000|1220.0000|82855.0018|-70.0000|20.0000|2021-10-21T03:26:22.207|294-032502 st2 4 juni 2021 50 m halv_000001.tif|B22219C0-9953-48BF-AA51-AA7E77D90C89
133|986|1744|53|88|788|1676|42|1|2|0|9.3032|4.5000|0|0.0000|0.0000|0.0000|2057.0000|86.0000|45.0000|67.7222|303.1371|209.5892|88.3050|34.7081|148099.8862|434.2426|758.2108|376.7796|588.1690|434.2426|2820.1449|1907.9862|32.6184|25.9023|67096.0000|3.5550|9.0578|1.4781|139.4074|4.8130|0.1299|0.2966|0.5819|0.0000|2668.5000|2057.0000|148099.8862|-70.0000|20.0000|2021-10-21T03:26:22.207|294-032502 st2 4 juni 2021 50 m halv_000001.tif|E1FA469D-3501-4E3C-938F-66F12DF27465
134|1041|1744|66|75|511|1642|42|1|3|0|9.3032|4.5000|0|0.0000|0.0000|0.0000|1838.0000|69.0000|49.0000|61.9444|245.5219|191.7171|54.3282|51.0110|130859.0994|408.1850|600.0564|413.9924|534.4172|408.1850|2284.1390|1741.7182|30.0098|22.2439|55158.0000|2.6099|6.0335|1.3114|119.1449|4.8130|0.3558|0.1940|0.8428|0.0000|2639.5000|1838.0000|130859.0994|-90.0000|40.0000|2021-10-21T03:26:22.207|294-032502 st2 4 juni 2021 50 m halv_000001.tif|6505E8EA-37D0-4B36-8146-04ED7C71B4BB
135|1109|1744|35|38|308|1455|42|1|1|0|9.3032|4.5000|0|0.0000|0.0000|0.0000|752.0000|35.0000|30.0000|32.9722|114.3259|100.5278|31.8549|31.3796|47531.3011|246.0056|283.7476|237.2316|264.8828|246.0056|1063.5967|893.3659|51.5984|18.8377|38802.0000|1.3831|1.7850|1.1905|159.2525|4.8130|0.7586|0.8109|0.9578|0.0000|774.0000|752.0000|47531.3011|25.0000|-30.0000|2021-10-21T03:26:22.207|294-032502 st2 4 juni 2021 50 m halv_000001.tif|5F616153-A210-4E32-8789-F020EC20C10E
